[7.956s] DEBUG:colcon:Command line arguments: ['/usr/bin/colcon', 'list', '-p', '--base-paths', '/home/spacefactory/workspaces/ros2_ws_training4']
[7.956s] DEBUG:colcon:Parsed command line arguments: Namespace(log_base=None, log_level=None, verb_name='list', build_base='build', ignore_user_meta=False, metas=['./colcon.meta'], base_paths=['/home/spacefactory/workspaces/ros2_ws_training4'], packages_ignore=None, packages_ignore_regex=None, paths=None, packages_up_to=None, packages_up_to_regex=None, packages_above=None, packages_above_and_dependencies=None, packages_above_depth=None, packages_select_by_dep=None, packages_skip_by_dep=None, packages_skip_up_to=None, packages_select_build_failed=False, packages_skip_build_finished=False, packages_select_test_failures=False, packages_skip_test_passed=False, packages_select=None, packages_skip=None, packages_select_regex=None, packages_skip_regex=None, packages_start=None, packages_end=None, allow_overriding=[], topological_order=False, names_only=False, paths_only=True, topological_graph=False, topological_graph_dot=False, topological_graph_density=False, topological_graph_legend=False, topological_graph_dot_cluster=False, topological_graph_dot_include_skipped=False, mixin_files=None, mixin=None, verb_parser=<colcon_mixin.mixin.mixin_argument.MixinArgumentDecorator object at 0x7f16c5006080>, verb_extension=<colcon_package_information.verb.list.ListVerb object at 0x7f16c51d1630>, main=<bound method ListVerb.main of <colcon_package_information.verb.list.ListVerb object at 0x7f16c51d1630>>, mixin_verb=('list',))
[8.156s] Level 1:colcon.colcon_core.package_discovery:discover_packages(colcon_meta) check parameters
[8.156s] Level 1:colcon.colcon_core.package_discovery:discover_packages(recursive) check parameters
[8.156s] Level 1:colcon.colcon_core.package_discovery:discover_packages(ignore) check parameters
[8.156s] Level 1:colcon.colcon_core.package_discovery:discover_packages(path) check parameters
[8.156s] Level 1:colcon.colcon_core.package_discovery:discover_packages(recursive) discover
[8.157s] INFO:colcon.colcon_core.package_discovery:Crawling recursively for packages in '/home/spacefactory/workspaces/ros2_ws_training4'
[8.157s] Level 1:colcon.colcon_core.package_identification:_identify(/home/spacefactory/workspaces/ros2_ws_training4) by extensions ['ignore', 'ignore_ament_install']
[8.157s] Level 1:colcon.colcon_core.package_identification:_identify(/home/spacefactory/workspaces/ros2_ws_training4) by extension 'ignore'
[8.157s] Level 1:colcon.colcon_core.package_identification:_identify(/home/spacefactory/workspaces/ros2_ws_training4) by extension 'ignore_ament_install'
[8.157s] Level 1:colcon.colcon_core.package_identification:_identify(/home/spacefactory/workspaces/ros2_ws_training4) by extensions ['colcon_pkg']
[8.157s] Level 1:colcon.colcon_core.package_identification:_identify(/home/spacefactory/workspaces/ros2_ws_training4) by extension 'colcon_pkg'
[8.157s] Level 1:colcon.colcon_core.package_identification:_identify(/home/spacefactory/workspaces/ros2_ws_training4) by extensions ['colcon_meta']
[8.157s] Level 1:colcon.colcon_core.package_identification:_identify(/home/spacefactory/workspaces/ros2_ws_training4) by extension 'colcon_meta'
[8.157s] Level 1:colcon.colcon_core.package_identification:_identify(/home/spacefactory/workspaces/ros2_ws_training4) by extensions ['ros']
[8.157s] Level 1:colcon.colcon_core.package_identification:_identify(/home/spacefactory/workspaces/ros2_ws_training4) by extension 'ros'
[8.188s] Level 1:colcon.colcon_core.package_identification:_identify(/home/spacefactory/workspaces/ros2_ws_training4) by extensions ['cmake', 'python']
[8.188s] Level 1:colcon.colcon_core.package_identification:_identify(/home/spacefactory/workspaces/ros2_ws_training4) by extension 'cmake'
[8.188s] Level 1:colcon.colcon_core.package_identification:_identify(/home/spacefactory/workspaces/ros2_ws_training4) by extension 'python'
[8.188s] Level 1:colcon.colcon_core.package_identification:_identify(/home/spacefactory/workspaces/ros2_ws_training4) by extensions ['python_setup_py']
[8.188s] Level 1:colcon.colcon_core.package_identification:_identify(/home/spacefactory/workspaces/ros2_ws_training4) by extension 'python_setup_py'
[8.190s] Level 1:colcon.colcon_core.package_identification:_identify(/home/spacefactory/workspaces/ros2_ws_training4/build) by extensions ['ignore', 'ignore_ament_install']
[8.190s] Level 1:colcon.colcon_core.package_identification:_identify(/home/spacefactory/workspaces/ros2_ws_training4/build) by extension 'ignore'
[8.190s] Level 1:colcon.colcon_core.package_identification:_identify(/home/spacefactory/workspaces/ros2_ws_training4/build) ignored
[8.194s] Level 1:colcon.colcon_core.package_identification:_identify(/home/spacefactory/workspaces/ros2_ws_training4/install) by extensions ['ignore', 'ignore_ament_install']
[8.194s] Level 1:colcon.colcon_core.package_identification:_identify(/home/spacefactory/workspaces/ros2_ws_training4/install) by extension 'ignore'
[8.194s] Level 1:colcon.colcon_core.package_identification:_identify(/home/spacefactory/workspaces/ros2_ws_training4/install) ignored
[8.194s] Level 1:colcon.colcon_core.package_identification:_identify(/home/spacefactory/workspaces/ros2_ws_training4/log) by extensions ['ignore', 'ignore_ament_install']
[8.194s] Level 1:colcon.colcon_core.package_identification:_identify(/home/spacefactory/workspaces/ros2_ws_training4/log) by extension 'ignore'
[8.195s] Level 1:colcon.colcon_core.package_identification:_identify(/home/spacefactory/workspaces/ros2_ws_training4/log) ignored
[8.195s] Level 1:colcon.colcon_core.package_identification:_identify(/home/spacefactory/workspaces/ros2_ws_training4/src) by extensions ['ignore', 'ignore_ament_install']
[8.195s] Level 1:colcon.colcon_core.package_identification:_identify(/home/spacefactory/workspaces/ros2_ws_training4/src) by extension 'ignore'
[8.195s] Level 1:colcon.colcon_core.package_identification:_identify(/home/spacefactory/workspaces/ros2_ws_training4/src) by extension 'ignore_ament_install'
[8.195s] Level 1:colcon.colcon_core.package_identification:_identify(/home/spacefactory/workspaces/ros2_ws_training4/src) by extensions ['colcon_pkg']
[8.195s] Level 1:colcon.colcon_core.package_identification:_identify(/home/spacefactory/workspaces/ros2_ws_training4/src) by extension 'colcon_pkg'
[8.195s] Level 1:colcon.colcon_core.package_identification:_identify(/home/spacefactory/workspaces/ros2_ws_training4/src) by extensions ['colcon_meta']
[8.196s] Level 1:colcon.colcon_core.package_identification:_identify(/home/spacefactory/workspaces/ros2_ws_training4/src) by extension 'colcon_meta'
[8.196s] Level 1:colcon.colcon_core.package_identification:_identify(/home/spacefactory/workspaces/ros2_ws_training4/src) by extensions ['ros']
[8.196s] Level 1:colcon.colcon_core.package_identification:_identify(/home/spacefactory/workspaces/ros2_ws_training4/src) by extension 'ros'
[8.196s] Level 1:colcon.colcon_core.package_identification:_identify(/home/spacefactory/workspaces/ros2_ws_training4/src) by extensions ['cmake', 'python']
[8.196s] Level 1:colcon.colcon_core.package_identification:_identify(/home/spacefactory/workspaces/ros2_ws_training4/src) by extension 'cmake'
[8.196s] Level 1:colcon.colcon_core.package_identification:_identify(/home/spacefactory/workspaces/ros2_ws_training4/src) by extension 'python'
[8.196s] Level 1:colcon.colcon_core.package_identification:_identify(/home/spacefactory/workspaces/ros2_ws_training4/src) by extensions ['python_setup_py']
[8.196s] Level 1:colcon.colcon_core.package_identification:_identify(/home/spacefactory/workspaces/ros2_ws_training4/src) by extension 'python_setup_py'
[8.196s] Level 1:colcon.colcon_core.package_identification:_identify(/home/spacefactory/workspaces/ros2_ws_training4/src/ur10_control) by extensions ['ignore', 'ignore_ament_install']
[8.197s] Level 1:colcon.colcon_core.package_identification:_identify(/home/spacefactory/workspaces/ros2_ws_training4/src/ur10_control) by extension 'ignore'
[8.197s] Level 1:colcon.colcon_core.package_identification:_identify(/home/spacefactory/workspaces/ros2_ws_training4/src/ur10_control) by extension 'ignore_ament_install'
[8.197s] Level 1:colcon.colcon_core.package_identification:_identify(/home/spacefactory/workspaces/ros2_ws_training4/src/ur10_control) by extensions ['colcon_pkg']
[8.197s] Level 1:colcon.colcon_core.package_identification:_identify(/home/spacefactory/workspaces/ros2_ws_training4/src/ur10_control) by extension 'colcon_pkg'
[8.197s] Level 1:colcon.colcon_core.package_identification:_identify(/home/spacefactory/workspaces/ros2_ws_training4/src/ur10_control) by extensions ['colcon_meta']
[8.197s] Level 1:colcon.colcon_core.package_identification:_identify(/home/spacefactory/workspaces/ros2_ws_training4/src/ur10_control) by extension 'colcon_meta'
[8.197s] Level 1:colcon.colcon_core.package_identification:_identify(/home/spacefactory/workspaces/ros2_ws_training4/src/ur10_control) by extensions ['ros']
[8.197s] Level 1:colcon.colcon_core.package_identification:_identify(/home/spacefactory/workspaces/ros2_ws_training4/src/ur10_control) by extension 'ros'
[8.203s] DEBUG:colcon.colcon_core.package_identification:Package '/home/spacefactory/workspaces/ros2_ws_training4/src/ur10_control' with type 'ros.ament_cmake' and name 'ur10_control'
[8.203s] Level 1:colcon.colcon_core.package_discovery:discover_packages(recursive) using defaults
