[0.145s] Invoking command in '/home/spacefactory/workspaces/ros2_ws_training4/build/ur10_control': CMAKE_PREFIX_PATH=${CMAKE_PREFIX_PATH}:/opt/ros/humble /usr/bin/cmake /home/spacefactory/workspaces/ros2_ws_training4/src/ur10_control -DCMAKE_INSTALL_PREFIX=/home/spacefactory/workspaces/ros2_ws_training4/install/ur10_control
[0.422s] -- The C compiler identification is GNU 11.4.0
[0.577s] -- The CXX compiler identification is GNU 11.4.0
[0.595s] -- Detecting C compiler ABI info
[0.704s] -- Detecting C compiler ABI info - done
[0.720s] -- Check for working C compiler: /usr/bin/cc - skipped
[0.727s] -- Detecting C compile features
[0.729s] -- Detecting C compile features - done
[0.734s] -- Detecting CXX compiler ABI info
[0.860s] -- Detecting CXX compiler ABI info - done
[0.875s] -- Check for working CXX compiler: /usr/bin/c++ - skipped
[0.876s] -- Detecting CXX compile features
[0.876s] -- Detecting CXX compile features - done
[1.115s] -- Found ament_cmake: 1.3.7 (/opt/ros/humble/share/ament_cmake/cmake)
[1.569s] -- Found Python3: /usr/bin/python3.10 (found version "3.10.12") found components: Interpreter 
[1.970s] -- Found ament_lint_auto: 0.12.10 (/opt/ros/humble/share/ament_lint_auto/cmake)
[2.169s] -- Added test 'flake8' to check Python code syntax and style conventions
[2.171s] -- Added test 'lint_cmake' to check CMake code style
[2.173s] -- Added test 'pep257' to check Python code against some of the docstring style conventions in PEP 257
[2.176s] -- Added test 'xmllint' to check XML markup files
[2.179s] -- Configuring done
[2.184s] -- Generating done
[2.186s] -- Build files have been written to: /home/spacefactory/workspaces/ros2_ws_training4/build/ur10_control
[2.194s] Invoked command in '/home/spacefactory/workspaces/ros2_ws_training4/build/ur10_control' returned '0': CMAKE_PREFIX_PATH=${CMAKE_PREFIX_PATH}:/opt/ros/humble /usr/bin/cmake /home/spacefactory/workspaces/ros2_ws_training4/src/ur10_control -DCMAKE_INSTALL_PREFIX=/home/spacefactory/workspaces/ros2_ws_training4/install/ur10_control
[2.197s] Invoking command in '/home/spacefactory/workspaces/ros2_ws_training4/build/ur10_control': CMAKE_PREFIX_PATH=${CMAKE_PREFIX_PATH}:/opt/ros/humble /usr/bin/cmake --build /home/spacefactory/workspaces/ros2_ws_training4/build/ur10_control -- -j4 -l4
[2.253s] Invoked command in '/home/spacefactory/workspaces/ros2_ws_training4/build/ur10_control' returned '0': CMAKE_PREFIX_PATH=${CMAKE_PREFIX_PATH}:/opt/ros/humble /usr/bin/cmake --build /home/spacefactory/workspaces/ros2_ws_training4/build/ur10_control -- -j4 -l4
[2.298s] Invoking command in '/home/spacefactory/workspaces/ros2_ws_training4/build/ur10_control': CMAKE_PREFIX_PATH=${CMAKE_PREFIX_PATH}:/opt/ros/humble /usr/bin/cmake --install /home/spacefactory/workspaces/ros2_ws_training4/build/ur10_control
[2.309s] -- Install configuration: ""
[2.309s] -- Installing: /home/spacefactory/workspaces/ros2_ws_training4/install/ur10_control/share/ur10_control//launch
[2.310s] -- Installing: /home/spacefactory/workspaces/ros2_ws_training4/install/ur10_control/share/ur10_control//launch/test.launch.py
[2.317s] -- Installing: /home/spacefactory/workspaces/ros2_ws_training4/install/ur10_control/share/ur10_control//launch/ur10.launch.py
[2.318s] -- Installing: /home/spacefactory/workspaces/ros2_ws_training4/install/ur10_control/share/ur10_control//launch/test_trajectory_controller.launch.py
[2.320s] -- Installing: /home/spacefactory/workspaces/ros2_ws_training4/install/ur10_control/share/ur10_control//launch/ur_control.launch.py
[2.321s] -- Installing: /home/spacefactory/workspaces/ros2_ws_training4/install/ur10_control/share/ur10_control//config
[2.323s] -- Installing: /home/spacefactory/workspaces/ros2_ws_training4/install/ur10_control/share/ur10_control//config/test_goal_publishers_config.yaml
[2.324s] -- Installing: /home/spacefactory/workspaces/ros2_ws_training4/install/ur10_control/share/ur10_control//config/ur_controllers.yaml
[2.325s] -- Installing: /home/spacefactory/workspaces/ros2_ws_training4/install/ur10_control/share/ament_index/resource_index/package_run_dependencies/ur10_control
[2.327s] -- Installing: /home/spacefactory/workspaces/ros2_ws_training4/install/ur10_control/share/ament_index/resource_index/parent_prefix_path/ur10_control
[2.329s] -- Installing: /home/spacefactory/workspaces/ros2_ws_training4/install/ur10_control/share/ur10_control/environment/ament_prefix_path.sh
[2.330s] -- Installing: /home/spacefactory/workspaces/ros2_ws_training4/install/ur10_control/share/ur10_control/environment/ament_prefix_path.dsv
[2.332s] -- Installing: /home/spacefactory/workspaces/ros2_ws_training4/install/ur10_control/share/ur10_control/environment/path.sh
[2.333s] -- Installing: /home/spacefactory/workspaces/ros2_ws_training4/install/ur10_control/share/ur10_control/environment/path.dsv
[2.334s] -- Installing: /home/spacefactory/workspaces/ros2_ws_training4/install/ur10_control/share/ur10_control/local_setup.bash
[2.335s] -- Installing: /home/spacefactory/workspaces/ros2_ws_training4/install/ur10_control/share/ur10_control/local_setup.sh
[2.344s] -- Installing: /home/spacefactory/workspaces/ros2_ws_training4/install/ur10_control/share/ur10_control/local_setup.zsh
[2.345s] -- Installing: /home/spacefactory/workspaces/ros2_ws_training4/install/ur10_control/share/ur10_control/local_setup.dsv
[2.349s] -- Installing: /home/spacefactory/workspaces/ros2_ws_training4/install/ur10_control/share/ur10_control/package.dsv
[2.351s] -- Installing: /home/spacefactory/workspaces/ros2_ws_training4/install/ur10_control/share/ament_index/resource_index/packages/ur10_control
[2.352s] -- Installing: /home/spacefactory/workspaces/ros2_ws_training4/install/ur10_control/share/ur10_control/cmake/ur10_controlConfig.cmake
[2.352s] -- Installing: /home/spacefactory/workspaces/ros2_ws_training4/install/ur10_control/share/ur10_control/cmake/ur10_controlConfig-version.cmake
[2.358s] -- Installing: /home/spacefactory/workspaces/ros2_ws_training4/install/ur10_control/share/ur10_control/package.xml
[2.360s] Invoked command in '/home/spacefactory/workspaces/ros2_ws_training4/build/ur10_control' returned '0': CMAKE_PREFIX_PATH=${CMAKE_PREFIX_PATH}:/opt/ros/humble /usr/bin/cmake --install /home/spacefactory/workspaces/ros2_ws_training4/build/ur10_control
